Determining if the pthread_create exist failed with the following output:
Change Dir: /home/renata/CLionProjects/lab4C/cmake-build-debug/CMakeFiles/CMakeTmp

Run Build Command:"/usr/bin/make" "cmTC_91316/fast"
/usr/bin/make -f CMakeFiles/cmTC_91316.dir/build.make CMakeFiles/cmTC_91316.dir/build
make[1]: Entering directory '/home/renata/CLionProjects/lab4C/cmake-build-debug/CMakeFiles/CMakeTmp'
Building C object CMakeFiles/cmTC_91316.dir/CheckSymbolExists.c.o
/usr/bin/cc    -o CMakeFiles/cmTC_91316.dir/CheckSymbolExists.c.o   -c /home/renata/CLionProjects/lab4C/cmake-build-debug/CMakeFiles/CMakeTmp/CheckSymbolExists.c
Linking C executable cmTC_91316
/home/renata/.local/share/JetBrains/Toolbox/apps/CLion/ch-0/182.4505.18/bin/cmake/linux/bin/cmake -E cmake_link_script CMakeFiles/cmTC_91316.dir/link.txt --verbose=1
/usr/bin/cc      CMakeFiles/cmTC_91316.dir/CheckSymbolExists.c.o  -o cmTC_91316 
CMakeFiles/cmTC_91316.dir/CheckSymbolExists.c.o: In function `main':
CheckSymbolExists.c:(.text+0x1b): undefined reference to `pthread_create'
collect2: error: ld returned 1 exit status
CMakeFiles/cmTC_91316.dir/build.make:86: recipe for target 'cmTC_91316' failed
make[1]: *** [cmTC_91316] Error 1
make[1]: Leaving directory '/home/renata/CLionProjects/lab4C/cmake-build-debug/CMakeFiles/CMakeTmp'
Makefile:121: recipe for target 'cmTC_91316/fast' failed
make: *** [cmTC_91316/fast] Error 2

File /home/renata/CLionProjects/lab4C/cmake-build-debug/CMakeFiles/CMakeTmp/CheckSymbolExists.c:
/* */
#include <pthread.h>

int main(int argc, char** argv)
{
  (void)argv;
#ifndef pthread_create
  return ((int*)(&pthread_create))[argc];
#else
  (void)argc;
  return 0;
#endif
}

